{"D:\\Projects\\Engineer AI\\assignment2\\src\\App.tsx": {"path":"D:\\Projects\\Engineer AI\\assignment2\\src\\App.tsx","statementMap":{"0":{"start":{"line":10,"column":17},"end":{"line":10,"column":40}},"1":{"start":{"line":12,"column":1},"end":{"line":16,"column":3}}},"fnMap":{"0":{"name":"App","decl":{"start":{"line":9,"column":9},"end":{"line":9,"column":12}},"loc":{"start":{"line":9,"column":15},"end":{"line":17,"column":1}},"line":9}},"branchMap":{},"s":{"0":1,"1":1},"f":{"0":1},"b":{},"_coverageSchema":"1a1c01bbd47fc00a2c39e90264f33305004495a9","hash":"738e861fb975e1345532f2e60ddcf5cf367b3a8a"}
,"D:\\Projects\\Engineer AI\\assignment2\\src\\components\\AsteroidInfo\\AsteroidInfo.interface.ts": {"path":"D:\\Projects\\Engineer AI\\assignment2\\src\\components\\AsteroidInfo\\AsteroidInfo.interface.ts","statementMap":{},"fnMap":{},"branchMap":{},"s":{},"f":{},"b":{}}
,"D:\\Projects\\Engineer AI\\assignment2\\src\\components\\AsteroidInfo\\AsteroidInfo.style.ts": {"path":"D:\\Projects\\Engineer AI\\assignment2\\src\\components\\AsteroidInfo\\AsteroidInfo.style.ts","statementMap":{"0":{"start":{"line":4,"column":37},"end":{"line":15,"column":2}}},"fnMap":{},"branchMap":{},"s":{"0":3},"f":{},"b":{},"_coverageSchema":"1a1c01bbd47fc00a2c39e90264f33305004495a9","hash":"b2975e2311b9a774aa2b510ca1ed9811ec90ea47"}
,"D:\\Projects\\Engineer AI\\assignment2\\src\\components\\AsteroidInfo\\AsteroidInfo.tsx": {"path":"D:\\Projects\\Engineer AI\\assignment2\\src\\components\\AsteroidInfo\\AsteroidInfo.tsx","statementMap":{"0":{"start":{"line":7,"column":21},"end":{"line":27,"column":1}},"1":{"start":{"line":8,"column":17},"end":{"line":8,"column":40}},"2":{"start":{"line":10,"column":1},"end":{"line":26,"column":3}},"3":{"start":{"line":14,"column":26},"end":{"line":14,"column":30}},"4":{"start":{"line":15,"column":5},"end":{"line":23,"column":7}}},"fnMap":{"0":{"name":"(anonymous_0)","decl":{"start":{"line":7,"column":21},"end":{"line":7,"column":22}},"loc":{"start":{"line":7,"column":54},"end":{"line":27,"column":1}},"line":7},"1":{"name":"(anonymous_1)","decl":{"start":{"line":13,"column":29},"end":{"line":13,"column":30}},"loc":{"start":{"line":13,"column":39},"end":{"line":24,"column":5}},"line":13}},"branchMap":{"0":{"loc":{"start":{"line":12,"column":4},"end":{"line":24,"column":6}},"type":"binary-expr","locations":[{"start":{"line":12,"column":4},"end":{"line":12,"column":8}},{"start":{"line":13,"column":4},"end":{"line":24,"column":6}}],"line":12}},"s":{"0":3,"1":16,"2":16,"3":8,"4":8},"f":{"0":16,"1":8},"b":{"0":[16,16]},"_coverageSchema":"1a1c01bbd47fc00a2c39e90264f33305004495a9","hash":"82666a9a2cc6680434dcb97b79253577aec4452e"}
,"D:\\Projects\\Engineer AI\\assignment2\\src\\components\\AsteroidInfo\\index.ts": {"path":"D:\\Projects\\Engineer AI\\assignment2\\src\\components\\AsteroidInfo\\index.ts","statementMap":{},"fnMap":{},"branchMap":{},"s":{},"f":{},"b":{},"_coverageSchema":"1a1c01bbd47fc00a2c39e90264f33305004495a9","hash":"ff3d7677e72de0a440d4585e338201251a2d8cc0"}
,"D:\\Projects\\Engineer AI\\assignment2\\src\\components\\forms\\AsteroidForm\\AsteroidForm.interface.ts": {"path":"D:\\Projects\\Engineer AI\\assignment2\\src\\components\\forms\\AsteroidForm\\AsteroidForm.interface.ts","statementMap":{},"fnMap":{},"branchMap":{},"s":{},"f":{},"b":{}}
,"D:\\Projects\\Engineer AI\\assignment2\\src\\components\\forms\\AsteroidForm\\AsteroidForm.style.ts": {"path":"D:\\Projects\\Engineer AI\\assignment2\\src\\components\\forms\\AsteroidForm\\AsteroidForm.style.ts","statementMap":{"0":{"start":{"line":4,"column":37},"end":{"line":25,"column":2}}},"fnMap":{},"branchMap":{},"s":{"0":2},"f":{},"b":{},"_coverageSchema":"1a1c01bbd47fc00a2c39e90264f33305004495a9","hash":"4bcb99f6a80da71d5d214ca6eb9d1c61cf3b35d3"}
,"D:\\Projects\\Engineer AI\\assignment2\\src\\components\\forms\\AsteroidForm\\AsteroidForm.tsx": {"path":"D:\\Projects\\Engineer AI\\assignment2\\src\\components\\forms\\AsteroidForm\\AsteroidForm.tsx","statementMap":{"0":{"start":{"line":10,"column":21},"end":{"line":54,"column":1}},"1":{"start":{"line":16,"column":17},"end":{"line":16,"column":40}},"2":{"start":{"line":18,"column":1},"end":{"line":53,"column":3}},"3":{"start":{"line":23,"column":5},"end":{"line":23,"column":24}},"4":{"start":{"line":24,"column":5},"end":{"line":24,"column":16}}},"fnMap":{"0":{"name":"(anonymous_0)","decl":{"start":{"line":10,"column":21},"end":{"line":10,"column":22}},"loc":{"start":{"line":15,"column":25},"end":{"line":54,"column":1}},"line":15},"1":{"name":"(anonymous_1)","decl":{"start":{"line":22,"column":14},"end":{"line":22,"column":15}},"loc":{"start":{"line":22,"column":21},"end":{"line":25,"column":5}},"line":22}},"branchMap":{"0":{"loc":{"start":{"line":39,"column":16},"end":{"line":39,"column":42}},"type":"cond-expr","locations":[{"start":{"line":39,"column":30},"end":{"line":39,"column":34}},{"start":{"line":39,"column":37},"end":{"line":39,"column":42}}],"line":39}},"s":{"0":2,"1":15,"2":15,"3":2,"4":2},"f":{"0":15,"1":2},"b":{"0":[10,5]},"_coverageSchema":"1a1c01bbd47fc00a2c39e90264f33305004495a9","hash":"1a04ac68f098f56bb14c18d00b0c9db18a898e1b"}
,"D:\\Projects\\Engineer AI\\assignment2\\src\\components\\forms\\AsteroidForm\\index.ts": {"path":"D:\\Projects\\Engineer AI\\assignment2\\src\\components\\forms\\AsteroidForm\\index.ts","statementMap":{},"fnMap":{},"branchMap":{},"s":{},"f":{},"b":{},"_coverageSchema":"1a1c01bbd47fc00a2c39e90264f33305004495a9","hash":"3202bfb894bb060f89fc5c5727372190647dc1d2"}
,"D:\\Projects\\Engineer AI\\assignment2\\src\\constants\\api-routes.ts": {"path":"D:\\Projects\\Engineer AI\\assignment2\\src\\constants\\api-routes.ts","statementMap":{"0":{"start":{"line":1,"column":19},"end":{"line":1,"column":41}},"1":{"start":{"line":2,"column":16},"end":{"line":2,"column":50}},"2":{"start":{"line":4,"column":33},"end":{"line":6,"column":1}},"3":{"start":{"line":8,"column":26},"end":{"line":11,"column":1}}},"fnMap":{},"branchMap":{},"s":{"0":2,"1":2,"2":2,"3":2},"f":{},"b":{},"_coverageSchema":"1a1c01bbd47fc00a2c39e90264f33305004495a9","hash":"05cf1ce242ff9d918278ff05036e47ce4aa14000"}
,"D:\\Projects\\Engineer AI\\assignment2\\src\\pages\\AsteroidInfo\\AsteroidInfo.interface.ts": {"path":"D:\\Projects\\Engineer AI\\assignment2\\src\\pages\\AsteroidInfo\\AsteroidInfo.interface.ts","statementMap":{},"fnMap":{},"branchMap":{},"s":{},"f":{},"b":{}}
,"D:\\Projects\\Engineer AI\\assignment2\\src\\pages\\AsteroidInfo\\AsteroidInfo.web.tsx": {"path":"D:\\Projects\\Engineer AI\\assignment2\\src\\pages\\AsteroidInfo\\AsteroidInfo.web.tsx","statementMap":{"0":{"start":{"line":10,"column":2},"end":{"line":20,"column":4}}},"fnMap":{"0":{"name":"(anonymous_0)","decl":{"start":{"line":9,"column":1},"end":{"line":9,"column":2}},"loc":{"start":{"line":9,"column":27},"end":{"line":21,"column":2}},"line":9}},"branchMap":{},"s":{"0":15},"f":{"0":15},"b":{},"_coverageSchema":"1a1c01bbd47fc00a2c39e90264f33305004495a9","hash":"a13f662d6a8fd398b8989f1f4172b9d704d64bcd"}
,"D:\\Projects\\Engineer AI\\assignment2\\src\\pages\\AsteroidInfo\\AsteroidInfoController.tsx": {"path":"D:\\Projects\\Engineer AI\\assignment2\\src\\pages\\AsteroidInfo\\AsteroidInfoController.tsx","statementMap":{"0":{"start":{"line":20,"column":2},"end":{"line":20,"column":15}},"1":{"start":{"line":21,"column":2},"end":{"line":27,"column":4}},"2":{"start":{"line":28,"column":2},"end":{"line":28,"column":61}},"3":{"start":{"line":29,"column":2},"end":{"line":29,"column":59}},"4":{"start":{"line":30,"column":2},"end":{"line":30,"column":51}},"5":{"start":{"line":34,"column":2},"end":{"line":49,"column":3}},"6":{"start":{"line":35,"column":20},"end":{"line":35,"column":42}},"7":{"start":{"line":36,"column":15},"end":{"line":38,"column":4}},"8":{"start":{"line":37,"column":38},"end":{"line":37,"column":45}},"9":{"start":{"line":40,"column":3},"end":{"line":44,"column":4}},"10":{"start":{"line":41,"column":4},"end":{"line":43,"column":7}},"11":{"start":{"line":46,"column":3},"end":{"line":48,"column":5}},"12":{"start":{"line":53,"column":21},"end":{"line":53,"column":35}},"13":{"start":{"line":54,"column":2},"end":{"line":58,"column":5}},"14":{"start":{"line":62,"column":2},"end":{"line":77,"column":3}},"15":{"start":{"line":63,"column":22},"end":{"line":63,"column":23}},"16":{"start":{"line":64,"column":21},"end":{"line":64,"column":54}},"17":{"start":{"line":66,"column":23},"end":{"line":66,"column":66}},"18":{"start":{"line":68,"column":28},"end":{"line":68,"column":63}},"19":{"start":{"line":70,"column":3},"end":{"line":76,"column":4}},"20":{"start":{"line":71,"column":4},"end":{"line":75,"column":7}},"21":{"start":{"line":81,"column":21},"end":{"line":81,"column":47}},"22":{"start":{"line":82,"column":2},"end":{"line":104,"column":3}},"23":{"start":{"line":83,"column":3},"end":{"line":103,"column":4}},"24":{"start":{"line":84,"column":21},"end":{"line":84,"column":54}},"25":{"start":{"line":85,"column":15},"end":{"line":85,"column":26}},"26":{"start":{"line":86,"column":17},"end":{"line":86,"column":30}},"27":{"start":{"line":87,"column":23},"end":{"line":87,"column":44}},"28":{"start":{"line":89,"column":5},"end":{"line":89,"column":47}},"29":{"start":{"line":91,"column":4},"end":{"line":98,"column":7}},"30":{"start":{"line":100,"column":4},"end":{"line":102,"column":6}}},"fnMap":{"0":{"name":"(anonymous_0)","decl":{"start":{"line":19,"column":1},"end":{"line":19,"column":2}},"loc":{"start":{"line":19,"column":39},"end":{"line":31,"column":2}},"line":19},"1":{"name":"(anonymous_1)","decl":{"start":{"line":33,"column":1},"end":{"line":33,"column":2}},"loc":{"start":{"line":33,"column":27},"end":{"line":50,"column":2}},"line":33},"2":{"name":"(anonymous_2)","decl":{"start":{"line":37,"column":4},"end":{"line":37,"column":5}},"loc":{"start":{"line":37,"column":38},"end":{"line":37,"column":45}},"line":37},"3":{"name":"(anonymous_3)","decl":{"start":{"line":52,"column":1},"end":{"line":52,"column":2}},"loc":{"start":{"line":52,"column":59},"end":{"line":59,"column":2}},"line":52},"4":{"name":"(anonymous_4)","decl":{"start":{"line":61,"column":1},"end":{"line":61,"column":2}},"loc":{"start":{"line":61,"column":20},"end":{"line":78,"column":2}},"line":61},"5":{"name":"(anonymous_5)","decl":{"start":{"line":80,"column":1},"end":{"line":80,"column":2}},"loc":{"start":{"line":80,"column":22},"end":{"line":105,"column":2}},"line":80}},"branchMap":{"0":{"loc":{"start":{"line":40,"column":3},"end":{"line":44,"column":4}},"type":"if","locations":[{"start":{"line":40,"column":3},"end":{"line":44,"column":4}},{"start":{},"end":{}}],"line":40},"1":{"loc":{"start":{"line":62,"column":2},"end":{"line":77,"column":3}},"type":"if","locations":[{"start":{"line":62,"column":2},"end":{"line":77,"column":3}},{"start":{},"end":{}}],"line":62},"2":{"loc":{"start":{"line":70,"column":3},"end":{"line":76,"column":4}},"type":"if","locations":[{"start":{"line":70,"column":3},"end":{"line":76,"column":4}},{"start":{},"end":{}}],"line":70},"3":{"loc":{"start":{"line":82,"column":2},"end":{"line":104,"column":3}},"type":"if","locations":[{"start":{"line":82,"column":2},"end":{"line":104,"column":3}},{"start":{},"end":{}}],"line":82}},"s":{"0":6,"1":6,"2":6,"3":6,"4":6,"5":6,"6":6,"7":5,"8":12,"9":4,"10":4,"11":1,"12":3,"13":3,"14":1,"15":1,"16":1,"17":1,"18":1,"19":1,"20":1,"21":2,"22":2,"23":2,"24":2,"25":2,"26":1,"27":1,"28":1,"29":1,"30":1},"f":{"0":6,"1":6,"2":12,"3":3,"4":1,"5":2},"b":{"0":[4,0],"1":[1,0],"2":[1,0],"3":[2,0]},"_coverageSchema":"1a1c01bbd47fc00a2c39e90264f33305004495a9","hash":"3624ef7b643ddf4807b24653c14e87fc634a0fcd"}
,"D:\\Projects\\Engineer AI\\assignment2\\src\\pages\\AsteroidInfo\\index.ts": {"path":"D:\\Projects\\Engineer AI\\assignment2\\src\\pages\\AsteroidInfo\\index.ts","statementMap":{},"fnMap":{},"branchMap":{},"s":{},"f":{},"b":{},"_coverageSchema":"1a1c01bbd47fc00a2c39e90264f33305004495a9","hash":"e806e43bddf080bf14caf2f8478585f85c38e694"}
,"D:\\Projects\\Engineer AI\\assignment2\\src\\services\\asteroid.ts": {"path":"D:\\Projects\\Engineer AI\\assignment2\\src\\services\\asteroid.ts","statementMap":{"0":{"start":{"line":7,"column":31},"end":{"line":22,"column":1}},"1":{"start":{"line":8,"column":25},"end":{"line":13,"column":3}},"2":{"start":{"line":15,"column":1},"end":{"line":21,"column":2}},"3":{"start":{"line":16,"column":19},"end":{"line":16,"column":47}},"4":{"start":{"line":17,"column":17},"end":{"line":17,"column":38}},"5":{"start":{"line":18,"column":2},"end":{"line":18,"column":16}},"6":{"start":{"line":20,"column":2},"end":{"line":20,"column":44}},"7":{"start":{"line":24,"column":30},"end":{"line":32,"column":1}},"8":{"start":{"line":25,"column":1},"end":{"line":31,"column":2}},"9":{"start":{"line":26,"column":19},"end":{"line":26,"column":54}},"10":{"start":{"line":27,"column":17},"end":{"line":27,"column":38}},"11":{"start":{"line":28,"column":2},"end":{"line":28,"column":16}},"12":{"start":{"line":30,"column":2},"end":{"line":30,"column":43}}},"fnMap":{"0":{"name":"(anonymous_0)","decl":{"start":{"line":7,"column":31},"end":{"line":7,"column":32}},"loc":{"start":{"line":7,"column":61},"end":{"line":22,"column":1}},"line":7},"1":{"name":"(anonymous_1)","decl":{"start":{"line":24,"column":30},"end":{"line":24,"column":31}},"loc":{"start":{"line":24,"column":42},"end":{"line":32,"column":1}},"line":24}},"branchMap":{},"s":{"0":2,"1":2,"2":2,"3":2,"4":2,"5":1,"6":1,"7":2,"8":6,"9":6,"10":5,"11":4,"12":1},"f":{"0":2,"1":6},"b":{},"_coverageSchema":"1a1c01bbd47fc00a2c39e90264f33305004495a9","hash":"079699e79f05a13acf96fa9ea490a908ba1630b4"}
,"D:\\Projects\\Engineer AI\\assignment2\\src\\styles\\App.style.ts": {"path":"D:\\Projects\\Engineer AI\\assignment2\\src\\styles\\App.style.ts","statementMap":{"0":{"start":{"line":4,"column":37},"end":{"line":14,"column":1}},"1":{"start":{"line":5,"column":1},"end":{"line":13,"column":3}}},"fnMap":{"0":{"name":"(anonymous_0)","decl":{"start":{"line":4,"column":48},"end":{"line":4,"column":49}},"loc":{"start":{"line":5,"column":1},"end":{"line":13,"column":3}},"line":5}},"branchMap":{},"s":{"0":1,"1":1},"f":{"0":1},"b":{},"_coverageSchema":"1a1c01bbd47fc00a2c39e90264f33305004495a9","hash":"8155f5313ec8fc28e0de9d36b970584403731b4e"}
,"D:\\Projects\\Engineer AI\\assignment2\\src\\utils\\generate-random-number.ts": {"path":"D:\\Projects\\Engineer AI\\assignment2\\src\\utils\\generate-random-number.ts","statementMap":{"0":{"start":{"line":5,"column":58},"end":{"line":7,"column":1}},"1":{"start":{"line":6,"column":1},"end":{"line":6,"column":58}}},"fnMap":{"0":{"name":"(anonymous_0)","decl":{"start":{"line":5,"column":58},"end":{"line":5,"column":59}},"loc":{"start":{"line":5,"column":72},"end":{"line":7,"column":1}},"line":5}},"branchMap":{},"s":{"0":3,"1":1},"f":{"0":1},"b":{},"_coverageSchema":"1a1c01bbd47fc00a2c39e90264f33305004495a9","hash":"d4dc811746f83a273f478bf1c8eb418a607c797f"}
,"D:\\Projects\\Engineer AI\\assignment2\\src\\utils\\generate-url.ts": {"path":"D:\\Projects\\Engineer AI\\assignment2\\src\\utils\\generate-url.ts","statementMap":{"0":{"start":{"line":15,"column":40},"end":{"line":23,"column":1}},"1":{"start":{"line":16,"column":20},"end":{"line":16,"column":24}},"2":{"start":{"line":18,"column":1},"end":{"line":20,"column":4}},"3":{"start":{"line":19,"column":2},"end":{"line":19,"column":50}},"4":{"start":{"line":22,"column":1},"end":{"line":22,"column":21}}},"fnMap":{"0":{"name":"(anonymous_0)","decl":{"start":{"line":15,"column":40},"end":{"line":15,"column":41}},"loc":{"start":{"line":15,"column":67},"end":{"line":23,"column":1}},"line":15},"1":{"name":"(anonymous_1)","decl":{"start":{"line":18,"column":21},"end":{"line":18,"column":22}},"loc":{"start":{"line":18,"column":41},"end":{"line":20,"column":2}},"line":18}},"branchMap":{},"s":{"0":2,"1":2,"2":2,"3":2,"4":2},"f":{"0":2,"1":2},"b":{},"_coverageSchema":"1a1c01bbd47fc00a2c39e90264f33305004495a9","hash":"b671dbc0eb2f3085fb5db429dabd2cbd42799d93"}
,"D:\\Projects\\Engineer AI\\assignment2\\src\\utils\\test-utils.ts": {"path":"D:\\Projects\\Engineer AI\\assignment2\\src\\utils\\test-utils.ts","statementMap":{"0":{"start":{"line":8,"column":24},"end":{"line":14,"column":1}},"1":{"start":{"line":9,"column":1},"end":{"line":13,"column":4}},"2":{"start":{"line":10,"column":2},"end":{"line":12,"column":5}},"3":{"start":{"line":11,"column":3},"end":{"line":11,"column":26}}},"fnMap":{"0":{"name":"(anonymous_0)","decl":{"start":{"line":8,"column":24},"end":{"line":8,"column":25}},"loc":{"start":{"line":8,"column":36},"end":{"line":14,"column":1}},"line":8},"1":{"name":"(anonymous_1)","decl":{"start":{"line":9,"column":11},"end":{"line":9,"column":12}},"loc":{"start":{"line":9,"column":23},"end":{"line":13,"column":2}},"line":9},"2":{"name":"(anonymous_2)","decl":{"start":{"line":10,"column":20},"end":{"line":10,"column":21}},"loc":{"start":{"line":10,"column":33},"end":{"line":12,"column":3}},"line":10}},"branchMap":{},"s":{"0":1,"1":5,"2":5,"3":5},"f":{"0":5,"1":5,"2":5},"b":{},"_coverageSchema":"1a1c01bbd47fc00a2c39e90264f33305004495a9","hash":"79ce36d162ab8a51274a2f64cccae2cc6075522c"}
}
