TN:
SF:src\App.tsx
FN:9,App
FNF:1
FNH:1
FNDA:1,App
DA:10,1
DA:12,1
LF:2
LH:2
BRF:0
BRH:0
end_of_record
TN:
SF:src\components\AsteroidInfo\AsteroidInfo.interface.ts
FNF:0
FNH:0
LF:0
LH:0
BRF:0
BRH:0
end_of_record
TN:
SF:src\components\AsteroidInfo\AsteroidInfo.style.ts
FNF:0
FNH:0
DA:4,3
LF:1
LH:1
BRF:0
BRH:0
end_of_record
TN:
SF:src\components\AsteroidInfo\AsteroidInfo.tsx
FN:7,(anonymous_0)
FN:13,(anonymous_1)
FNF:2
FNH:2
FNDA:16,(anonymous_0)
FNDA:8,(anonymous_1)
DA:7,3
DA:8,16
DA:10,16
DA:14,8
DA:15,8
LF:5
LH:5
BRDA:12,0,0,16
BRDA:12,0,1,16
BRF:2
BRH:2
end_of_record
TN:
SF:src\components\AsteroidInfo\index.ts
FNF:0
FNH:0
LF:0
LH:0
BRF:0
BRH:0
end_of_record
TN:
SF:src\components\forms\AsteroidForm\AsteroidForm.interface.ts
FNF:0
FNH:0
LF:0
LH:0
BRF:0
BRH:0
end_of_record
TN:
SF:src\components\forms\AsteroidForm\AsteroidForm.style.ts
FNF:0
FNH:0
DA:4,2
LF:1
LH:1
BRF:0
BRH:0
end_of_record
TN:
SF:src\components\forms\AsteroidForm\AsteroidForm.tsx
FN:10,(anonymous_0)
FN:22,(anonymous_1)
FNF:2
FNH:2
FNDA:15,(anonymous_0)
FNDA:2,(anonymous_1)
DA:10,2
DA:16,15
DA:18,15
DA:23,2
DA:24,2
LF:5
LH:5
BRDA:39,0,0,10
BRDA:39,0,1,5
BRF:2
BRH:2
end_of_record
TN:
SF:src\components\forms\AsteroidForm\index.ts
FNF:0
FNH:0
LF:0
LH:0
BRF:0
BRH:0
end_of_record
TN:
SF:src\constants\api-routes.ts
FNF:0
FNH:0
DA:1,2
DA:2,2
DA:4,2
DA:8,2
LF:4
LH:4
BRF:0
BRH:0
end_of_record
TN:
SF:src\pages\AsteroidInfo\AsteroidInfo.interface.ts
FNF:0
FNH:0
LF:0
LH:0
BRF:0
BRH:0
end_of_record
TN:
SF:src\pages\AsteroidInfo\AsteroidInfo.web.tsx
FN:9,(anonymous_0)
FNF:1
FNH:1
FNDA:15,(anonymous_0)
DA:10,15
LF:1
LH:1
BRF:0
BRH:0
end_of_record
TN:
SF:src\pages\AsteroidInfo\AsteroidInfoController.tsx
FN:19,(anonymous_0)
FN:33,(anonymous_1)
FN:37,(anonymous_2)
FN:52,(anonymous_3)
FN:61,(anonymous_4)
FN:80,(anonymous_5)
FNF:6
FNH:6
FNDA:6,(anonymous_0)
FNDA:6,(anonymous_1)
FNDA:12,(anonymous_2)
FNDA:3,(anonymous_3)
FNDA:1,(anonymous_4)
FNDA:2,(anonymous_5)
DA:20,6
DA:21,6
DA:28,6
DA:29,6
DA:30,6
DA:34,6
DA:35,6
DA:36,5
DA:37,12
DA:40,4
DA:41,4
DA:46,1
DA:53,3
DA:54,3
DA:62,1
DA:63,1
DA:64,1
DA:66,1
DA:68,1
DA:70,1
DA:71,1
DA:81,2
DA:82,2
DA:83,2
DA:84,2
DA:85,2
DA:86,1
DA:87,1
DA:89,1
DA:91,1
DA:100,1
LF:31
LH:31
BRDA:40,0,0,4
BRDA:40,0,1,0
BRDA:62,1,0,1
BRDA:62,1,1,0
BRDA:70,2,0,1
BRDA:70,2,1,0
BRDA:82,3,0,2
BRDA:82,3,1,0
BRF:8
BRH:4
end_of_record
TN:
SF:src\pages\AsteroidInfo\index.ts
FNF:0
FNH:0
LF:0
LH:0
BRF:0
BRH:0
end_of_record
TN:
SF:src\services\asteroid.ts
FN:7,(anonymous_0)
FN:24,(anonymous_1)
FNF:2
FNH:2
FNDA:2,(anonymous_0)
FNDA:6,(anonymous_1)
DA:7,2
DA:8,2
DA:15,2
DA:16,2
DA:17,2
DA:18,1
DA:20,1
DA:24,2
DA:25,6
DA:26,6
DA:27,5
DA:28,4
DA:30,1
LF:13
LH:13
BRF:0
BRH:0
end_of_record
TN:
SF:src\styles\App.style.ts
FN:4,(anonymous_0)
FNF:1
FNH:1
FNDA:1,(anonymous_0)
DA:4,1
DA:5,1
LF:2
LH:2
BRF:0
BRH:0
end_of_record
TN:
SF:src\utils\generate-random-number.ts
FN:5,(anonymous_0)
FNF:1
FNH:1
FNDA:1,(anonymous_0)
DA:5,3
DA:6,1
LF:2
LH:2
BRF:0
BRH:0
end_of_record
TN:
SF:src\utils\generate-url.ts
FN:15,(anonymous_0)
FN:18,(anonymous_1)
FNF:2
FNH:2
FNDA:2,(anonymous_0)
FNDA:2,(anonymous_1)
DA:15,2
DA:16,2
DA:18,2
DA:19,2
DA:22,2
LF:5
LH:5
BRF:0
BRH:0
end_of_record
TN:
SF:src\utils\test-utils.ts
FN:8,(anonymous_0)
FN:9,(anonymous_1)
FN:10,(anonymous_2)
FNF:3
FNH:3
FNDA:5,(anonymous_0)
FNDA:5,(anonymous_1)
FNDA:5,(anonymous_2)
DA:8,1
DA:9,5
DA:10,5
DA:11,5
LF:4
LH:4
BRF:0
BRH:0
end_of_record
